11:16:33.983    <Info> idevicerestore_fork 1.0.0-git-a73b9de (libirecovery 1.2.1-31-g0b48934, libtatsu 1.0.5-3-g60a39f3)
11:16:33.998    <Info> Found device in DFU mode
11:16:34.002    <Info> ECID: 3440501300264998
11:16:34.002    <Info> Identified device as j71bap, iPad7,5
11:16:34.004    <Info> Device Product Version: N/A
11:16:34.004    <Info> Device Product Build: N/A
11:16:34.004    <Info> Extracting BuildManifest from IPSW
11:16:34.007    <Info> IPSW Product Version: 11.3
11:16:34.007    <Info> IPSW Product Build: 15E216 Major: 15
11:16:34.008    <Info> RAMDisk type: 0x0001
11:16:34.008    <Info> Loading overlay ramdisk...
11:16:34.009    <Info> Loaded embedded overlay ramdisk, length 1048632
11:16:34.009    <Info> Loading Pongo...
11:16:34.010    <Info> Loaded embedded Pongo, length 238128
11:16:34.010    <Info> Loading sep_racer...
11:16:34.014    <Info> Loaded embedded sep_racer module, length 1211568
11:16:34.014    <Info> Loading kpf...
11:16:34.014    <Info> Loaded embedded kpf module, length 92296
11:16:34.014    <Info> Loading cpf...
11:16:34.014    <Info> Loaded embedded cpf module, length 67504
11:16:34.014    <Info> Checking PongoOS image...
11:16:34.014    <Info> Loading image flags...
11:16:34.014    <Info> Checking image flags...
11:16:34.014    <Info> Device supports Image4: true
11:16:34.014    <Info> Variant: Customer Erase Install (IPSW)
11:16:34.014    <Info> This restore will erase all device data.
11:16:34.980    <Info> The following firmwares are currently being signed for iPad7,5:
11:16:34.980    <Info>   [1] 17.7.11 (build 21H461)
11:16:34.980    <Info>   [2] 17.7.10 (build 21H450)
11:16:35.588    <Info> Selected SE/RestoreSEP version 17.7.11 (build 21H461)
11:16:38.329    <Info> Downloading BuildManifest.plist
11:16:38.899    <Info> SE Firmware manifest information
11:16:38.900    <Info> Variant: Customer Erase Install (IPSW)
11:16:38.900    <Info> This restore will erase all device data.
11:16:38.900    <Info> Downloading Firmware/SE/Stockholm4.RELEASE.sefw
11:16:41.681    <Info> RestoreSEP manifest information
11:16:41.682    <Info> Variant: Customer Erase Install (IPSW)
11:16:41.682    <Info> This restore will erase all device data.
11:16:41.682    <Info> Downloading Firmware/all_flash/sep-firmware.j71b.RELEASE.im4p
11:16:43.464    <Info> Checking IPSW for required components...
11:16:43.466    <Info> All required components found in IPSW
11:16:43.468    <Info> Checking hashes...
manifest DGST: e50de452ad0e9b2a1e26d927e2df8a13a0d053ca88aa1b31a145c1eed45c9a2707a90f101ca367b7cb093fad4c4f4d16
11:16:43.468    <Info> Found RestoreRamdisk digest
DGST: e50de452ad0e9b2a1e26d927e2df8a13a0d053ca88aa1b31a145c1eed45c9a2707a90f101ca367b7cb093fad4c4f4d16
11:16:43.468    <Info> Extracting aopfw-ipad7baop.im4p (Firmware/AOP/aopfw-ipad7baop.im4p)...
AOP digest: 5d6831a67f31f791699f51670dfbe2efb8be3453cdf598c2d6d4f7e6dee339781df898f5dc4f7f5c366862b86cbb98d9
AOP hash: 5d6831a67f31f791699f51670dfbe2efb8be3453cdf598c2d6d4f7e6dee339781df898f5dc4f7f5c366862b86cbb98d9
manifest DGST: f484a1bcda2dfe980538073826e940218ff7ffd7e1b0cda7ea10c53687a0a220cfc58bcecc7ad0f95af6f84086f0cf10
11:16:43.481    <Info> Hash does not match
11:16:43.481   <Error> Failed to image4 manifest check [comp: AOP, res: 0000000d]
