11:14:18.471    <Info> idevicerestore_fork 1.0.0-git-a73b9de (libirecovery 1.2.1-31-g0b48934, libtatsu 1.0.5-3-g60a39f3)
11:14:18.502    <Info> Found device in DFU mode
11:14:18.510    <Info> ECID: 3440501300264998
11:14:18.510    <Info> Identified device as j71bap, iPad7,5
11:14:18.512    <Info> Device Product Version: N/A
11:14:18.512    <Info> Device Product Build: N/A
11:14:18.512    <Info> Extracting BuildManifest from IPSW
11:14:18.515    <Info> IPSW Product Version: 11.3
11:14:18.515    <Info> IPSW Product Build: 15E216 Major: 15
11:14:18.515    <Info> RAMDisk type: 0x0001
11:14:18.515    <Info> Loading overlay ramdisk...
11:14:18.517    <Info> Loaded embedded overlay ramdisk, length 1048632
11:14:18.518    <Info> Loading Pongo...
11:14:18.519    <Info> Loaded embedded Pongo, length 238128
11:14:18.519    <Info> Loading sep_racer...
11:14:18.522    <Info> Loaded embedded sep_racer module, length 1211568
11:14:18.522    <Info> Loading kpf...
11:14:18.523    <Info> Loaded embedded kpf module, length 92296
11:14:18.523    <Info> Loading cpf...
11:14:18.523    <Info> Loaded embedded cpf module, length 67504
11:14:18.523    <Info> Checking PongoOS image...
11:14:18.523    <Info> Loading image flags...
11:14:18.523    <Info> Checking image flags...
11:14:18.523    <Info> Device supports Image4: true
11:14:18.523    <Info> Variant: Customer Erase Install (IPSW)
11:14:18.523    <Info> This restore will erase all device data.
11:14:18.867    <Info> The following firmwares are currently being signed for iPad7,5:
11:14:18.868    <Info>   [1] 17.7.11 (build 21H461)
11:14:18.868    <Info>   [2] 17.7.10 (build 21H450)
11:14:20.811    <Info> Selected SE/RestoreSEP version 17.7.11 (build 21H461)
11:14:22.119    <Info> Downloading BuildManifest.plist
11:14:22.983    <Info> SE Firmware manifest information
11:14:22.983    <Info> Variant: Customer Erase Install (IPSW)
11:14:22.983    <Info> This restore will erase all device data.
11:14:22.983    <Info> Downloading Firmware/SE/Stockholm4.RELEASE.sefw
11:14:26.219    <Info> RestoreSEP manifest information
11:14:26.220    <Info> Variant: Customer Erase Install (IPSW)
11:14:26.220    <Info> This restore will erase all device data.
11:14:26.220    <Info> Downloading Firmware/all_flash/sep-firmware.j71b.RELEASE.im4p
11:14:27.731    <Info> Checking IPSW for required components...
11:14:27.736    <Info> All required components found in IPSW
11:14:27.738    <Info> Checking hashes...
manifest DGST: e50de452ad0e9b2a1e26d927e2df8a13a0d053ca88aa1b31a145c1eed45c9a2707a90f101ca367b7cb093fad4c4f4d16
11:14:27.739    <Info> Found RestoreRamdisk digest
DGST: e50de452ad0e9b2a1e26d927e2df8a13a0d053ca88aa1b31a145c1eed45c9a2707a90f101ca367b7cb093fad4c4f4d16
11:14:27.739    <Info> Extracting aopfw-ipad7baop.im4p (Firmware/AOP/aopfw-ipad7baop.im4p)...
AOP digest: 5d6831a67f31f791699f51670dfbe2efb8be3453cdf598c2d6d4f7e6dee339781df898f5dc4f7f5c366862b86cbb98d9
AOP hash: 5d6831a67f31f791699f51670dfbe2efb8be3453cdf598c2d6d4f7e6dee339781df898f5dc4f7f5c366862b86cbb98d9
manifest DGST: f484a1bcda2dfe980538073826e940218ff7ffd7e1b0cda7ea10c53687a0a220cfc58bcecc7ad0f95af6f84086f0cf10
11:14:27.749    <Info> Hash does not match
11:14:27.749   <Error> Failed to image4 manifest check [comp: AOP, res: 0000000d]
